<?xml version="1.0" encoding="UTF-8"?>
<!-- Generated by org.testng.reporters.JUnitReportReporter -->
<testsuite hostname="DESKTOP-83C0IKP" failures="0" tests="1" name="tests.BaseTest" time="58.360" errors="0" timestamp="2025-09-20T22:21:08 GMT+03:00" skipped="0">
  <testcase classname="tests.BaseTest" name="testChatFeature" time="58.360"/>
</testsuite> <!-- tests.BaseTest -->
